<?xml version="1.0" encoding="UTF-8"?>
<!-- Generated by org.testng.reporters.JUnitReportReporter -->
<testsuite hostname="Admin" failures="0" tests="1" name="test.AddSocialLinksTest" time="27.667" errors="0" timestamp="2023-05-25T20:08:11 IST" skipped="0">
  <testcase classname="test.AddSocialLinksTest" name="AddSocialLinks" time="27.667"/>
  <system-out/>
</testsuite> <!-- test.AddSocialLinksTest -->
