<?xml version="1.0" encoding="UTF-8"?>
<!-- Generated by org.testng.reporters.JUnitReportReporter -->
<testsuite hostname="Admin" failures="0" tests="1" name="test.DeleteGroupTest" time="24.250" errors="0" timestamp="2023-05-25T20:08:12 IST" skipped="0">
  <testcase classname="test.DeleteGroupTest" name="ValidateDeleteGroup" time="24.250"/>
  <system-out/>
</testsuite> <!-- test.DeleteGroupTest -->
