<?xml version="1.0" encoding="UTF-8"?>
<!-- Generated by org.testng.reporters.JUnitReportReporter -->
<testsuite hostname="DESKTOP-8TSPJR0" failures="0" tests="1" name="test.RegisterationTest" time="10.746" errors="0" timestamp="2023-06-19T12:06:47 IST" skipped="0">
  <testcase classname="test.RegisterationTest" name="validRegisterationTest" time="10.746"/>
</testsuite> <!-- test.RegisterationTest -->
