<?xml version="1.0" encoding="UTF-8"?>
<!-- Generated by org.testng.reporters.JUnitReportReporter -->
<testsuite hostname="Admin" failures="0" tests="1" name="test.BlogTest" time="61.996" errors="0" timestamp="2023-05-15T19:18:33 IST" skipped="0">
  <testcase classname="test.BlogTest" name="ValidateCreateBlog" time="61.996"/>
  <system-out/>
</testsuite> <!-- test.BlogTest -->
