<?xml version="1.0" encoding="UTF-8"?>
<!-- Generated by org.testng.reporters.JUnitReportReporter -->
<testsuite hostname="Admin" failures="0" tests="1" name="test.SendImageTest" time="45.339" errors="0" timestamp="2023-05-25T20:08:12 IST" skipped="0">
  <testcase classname="test.SendImageTest" name="SendImage" time="45.339"/>
  <system-out/>
</testsuite> <!-- test.SendImageTest -->
