<?xml version="1.0" encoding="UTF-8"?>
<!-- Generated by org.testng.reporters.JUnitReportReporter -->
<testsuite hostname="Admin" failures="0" tests="1" name="test.StatusTest" time="31.263" errors="0" timestamp="2023-03-14T15:02:36 IST" skipped="0">
  <testcase classname="test.StatusTest" name="validLoginTest" time="31.263"/>
  <system-out/>
</testsuite> <!-- test.StatusTest -->
