<?xml version="1.0" encoding="UTF-8"?>
<!-- Generated by org.testng.reporters.JUnitReportReporter -->
<testsuite hostname="Admin" failures="0" tests="1" name="test.UploadVideoTest" time="57.364" errors="0" timestamp="2023-05-25T20:08:11 IST" skipped="0">
  <testcase classname="test.UploadVideoTest" name="UploadVideo" time="57.364"/>
  <system-out/>
</testsuite> <!-- test.UploadVideoTest -->
