<?xml version="1.0" encoding="UTF-8"?>
<!-- Generated by org.testng.reporters.JUnitReportReporter -->
<testsuite hostname="Admin" failures="0" tests="1" name="test.LogoutTest" time="19.867" errors="0" timestamp="2023-05-25T20:08:11 IST" skipped="0">
  <testcase classname="test.LogoutTest" name="validLogoutTest" time="19.867"/>
  <system-out/>
</testsuite> <!-- test.LogoutTest -->
