<?xml version="1.0" encoding="UTF-8"?>
<!-- Generated by org.testng.reporters.JUnitReportReporter -->
<testsuite hostname="Admin" failures="0" tests="1" name="test.MyPagesTest" time="29.428" errors="0" timestamp="2023-05-25T20:08:12 IST" skipped="0">
  <testcase classname="test.MyPagesTest" name="validateMyPagesTest" time="29.428"/>
  <system-out/>
</testsuite> <!-- test.MyPagesTest -->
