<?xml version="1.0" encoding="UTF-8"?>
<!-- Generated by org.testng.reporters.JUnitReportReporter -->
<testsuite hostname="Admin" failures="0" tests="1" name="test.MessageNotificationTest" time="77.139" errors="0" timestamp="2023-05-25T20:08:10 IST" skipped="0">
  <testcase classname="test.MessageNotificationTest" name="ValidateMessageRequest" time="77.139"/>
  <system-out/>
</testsuite> <!-- test.MessageNotificationTest -->
