<?xml version="1.0" encoding="UTF-8"?>
<!-- Generated by org.testng.reporters.JUnitReportReporter -->
<testsuite hostname="Admin" failures="0" tests="1" name="test.ExploreTest" time="39.635" errors="0" timestamp="2023-05-25T20:08:10 IST" skipped="0">
  <testcase classname="test.ExploreTest" name="ValidateExploreTest" time="39.635"/>
  <system-out/>
</testsuite> <!-- test.ExploreTest -->
