<?xml version="1.0" encoding="UTF-8"?>
<!-- Generated by org.testng.reporters.JUnitReportReporter -->
<testsuite hostname="Admin" failures="0" tests="2" name="test.SendAudioTest" time="103.879" errors="0" timestamp="2023-05-25T20:08:12 IST" skipped="0">
  <testcase classname="test.SendAudioTest" name="SendAudio" time="53.884"/>
  <system-out/>
  <testcase classname="test.SendAudioTest" name="SendAudio" time="49.995"/>
  <system-out/>
</testsuite> <!-- test.SendAudioTest -->
