<?xml version="1.0" encoding="UTF-8"?>
<!-- Generated by org.testng.reporters.JUnitReportReporter -->
<testsuite hostname="Admin" failures="0" tests="1" name="test.StatusColorTest" time="35.271" errors="0" timestamp="2023-05-25T20:08:11 IST" skipped="0">
  <testcase classname="test.StatusColorTest" name="StatusColor" time="35.271"/>
  <system-out/>
</testsuite> <!-- test.StatusColorTest -->
