<?xml version="1.0" encoding="UTF-8"?>
<!-- Generated by org.testng.reporters.JUnitReportReporter -->
<testsuite hostname="DESKTOP-8TSPJR0" failures="0" tests="1" name="test.LoginTests" time="21.215" errors="0" timestamp="2023-06-19T11:42:30 IST" skipped="0">
  <testcase classname="test.LoginTests" name="validLoginTest" time="21.215"/>
</testsuite> <!-- test.LoginTests -->
